INFO  | 2021-03-19 19:14:15 | [main] javapractice.App (App.java:13) - Hello.worldWill be printed on Info
WARN  | 2021-03-19 19:14:15 | [main] javapractice.App (App.java:14) - Hello.worldWill be printed on Warn
ERROR | 2021-03-19 19:14:15 | [main] javapractice.App (App.java:15) - Hello.worldWill be printed on Error
FATAL | 2021-03-19 19:14:15 | [main] javapractice.App (App.java:16) - Hello.worldWill be printed on Fatal
INFO  | 2021-03-19 19:14:15 | [main] javapractice.App (App.java:17) - Appending string:Hello.world.
INFO  | 2021-03-19 19:14:29 | [main] javapractice.App (App.java:13) - Hello.worldWill be printed on Info
WARN  | 2021-03-19 19:14:29 | [main] javapractice.App (App.java:14) - Hello.worldWill be printed on Warn
ERROR | 2021-03-19 19:14:29 | [main] javapractice.App (App.java:15) - Hello.worldWill be printed on Error
FATAL | 2021-03-19 19:14:29 | [main] javapractice.App (App.java:16) - Hello.worldWill be printed on Fatal
INFO  | 2021-03-19 19:14:29 | [main] javapractice.App (App.java:17) - Appending string:Hello.world.
INFO  | 2021-03-19 23:51:58 | [main] javapractice.App (App.java:13) - Hello.worldWill be printed on Info
WARN  | 2021-03-19 23:51:58 | [main] javapractice.App (App.java:14) - Hello.worldWill be printed on Warn
ERROR | 2021-03-19 23:51:58 | [main] javapractice.App (App.java:15) - Hello.worldWill be printed on Error
FATAL | 2021-03-19 23:51:58 | [main] javapractice.App (App.java:16) - Hello.worldWill be printed on Fatal
INFO  | 2021-03-19 23:51:58 | [main] javapractice.App (App.java:17) - Appending string:Hello.world.
INFO  | 2021-03-19 23:52:01 | [main] javapractice.App (App.java:13) - Hello.worldWill be printed on Info
WARN  | 2021-03-19 23:52:01 | [main] javapractice.App (App.java:14) - Hello.worldWill be printed on Warn
ERROR | 2021-03-19 23:52:01 | [main] javapractice.App (App.java:15) - Hello.worldWill be printed on Error
FATAL | 2021-03-19 23:52:01 | [main] javapractice.App (App.java:16) - Hello.worldWill be printed on Fatal
INFO  | 2021-03-19 23:52:01 | [main] javapractice.App (App.java:17) - Appending string:Hello.world.
INFO  | 2021-03-19 23:52:11 | [main] javapractice.App (App.java:13) - Hello.worldWill be printed on Info
WARN  | 2021-03-19 23:52:11 | [main] javapractice.App (App.java:14) - Hello.worldWill be printed on Warn
ERROR | 2021-03-19 23:52:11 | [main] javapractice.App (App.java:15) - Hello.worldWill be printed on Error
FATAL | 2021-03-19 23:52:11 | [main] javapractice.App (App.java:16) - Hello.worldWill be printed on Fatal
INFO  | 2021-03-19 23:52:11 | [main] javapractice.App (App.java:17) - Appending string:Hello.world.
